[19:08:43] [Client thread/INFO]: Setting user: Player419
[19:08:43] [Client thread/INFO]: (Session ID is token:FML:Player419)
[19:08:46] [Client thread/INFO]: LWJGL Version: 2.9.1
[19:08:50] [Client thread/INFO]: Reloading ResourceManager: Default, FMLFileResourcePack:Forge Mod Loader, FMLFileResourcePack:MCBotMod
[19:08:52] [Sound Library Loader/INFO]: Starting up SoundSystem...
[19:08:52] [Thread-6/INFO]: Initializing LWJGL OpenAL
[19:08:52] [Thread-6/INFO]: (The LWJGL binding of OpenAL.  For more information, see http://www.lwjgl.org)
[19:08:53] [Thread-6/INFO]: OpenAL initialized.
[19:08:53] [Sound Library Loader/INFO]: Sound engine started
[19:09:01] [Client thread/INFO]: Created: 512x512 textures-atlas
[19:09:02] [Client thread/INFO]: Reloading ResourceManager: Default, FMLFileResourcePack:Forge Mod Loader, FMLFileResourcePack:MCBotMod
[19:09:02] [Client thread/INFO]: SoundSystem shutting down...
[19:09:02] [Client thread/WARN]: Author: Paul Lamb, www.paulscode.com
[19:09:02] [Sound Library Loader/INFO]: Starting up SoundSystem...
[19:09:02] [Thread-8/INFO]: Initializing LWJGL OpenAL
[19:09:02] [Thread-8/INFO]: (The LWJGL binding of OpenAL.  For more information, see http://www.lwjgl.org)
[19:09:02] [Thread-8/INFO]: OpenAL initialized.
[19:09:03] [Sound Library Loader/INFO]: Sound engine started
[19:09:04] [Client thread/INFO]: Created: 512x512 textures-atlas
[19:09:29] [Client thread/INFO]: Stopping!
[19:09:29] [Client thread/INFO]: SoundSystem shutting down...
[19:09:30] [Client thread/WARN]: Author: Paul Lamb, www.paulscode.com
